#
# A fatal error has been detected by the Java Runtime Environment:
#
#  Internal Error (os_windows_x86.cpp:114), pid=5040, tid=4716
#  Error: guarantee(result == -1,"Unexpected result from topLevelExceptionFilter")
#
# JRE version: 6.0_17-b04
# Java VM: Java HotSpot(TM) 64-Bit Server VM (14.3-b01 mixed mode windows-amd64 )
# If you would like to submit a bug report, please visit:
#   http://java.sun.com/webapps/bugreport/crash.jsp
# The crash happened outside the Java Virtual Machine in native code.
# See problematic frame for where to report the bug.
#

---------------  T H R E A D  ---------------

Current thread (0x0000000005b5f000):  JavaThread "main" [_thread_in_native, id=4716, stack(0x00000000001e0000,0x00000000041e0000)]

Stack: [0x00000000001e0000,0x00000000041e0000]
Java frames: (J=compiled Java code, j=interpreted, Vv=VM code)
j  com.mathworks.jmi.NativeMatlab.ProcessPendingEvents()Z+0
j  com.mathworks.jmi.NativeMatlab.processPendingEvents()Z+8
j  com.mathworks.jmi.Matlab$ProcessPendingEvents.callBooleanMethod(Ljava/lang/Object;)Z+0
j  com.mathworks.util.FactoryUtils.processPendingEvents()Z+12
j  com.mathworks.mde.desk.MLDesktop.canClose()Z+84
j  com.mathworks.mde.desk.MLDesktop$2.call()Ljava/lang/Boolean;+4
j  com.mathworks.mde.desk.MLDesktop$2.call()Ljava/lang/Object;+1
j  com.mathworks.jmi.Matlab.isOkToExit()Z+54
v  ~StubRoutines::call_stub
j  com.mathworks.jmi.NativeMatlab.SendMatlabMessage(Ljava/lang/Object;)Ljava/lang/Object;+0
j  com.mathworks.jmi.NativeMatlab.sendMatlabMessage(Ljava/lang/Object;)Ljava/lang/Object;+22
j  com.mathworks.jmi.MatlabLooper.sendMatlabMessage(Lcom/mathworks/services/message/MWMessage;)Ljava/lang/Object;+20
j  com.mathworks.jmi.Matlab.mtFevalConsoleOutput(Ljava/lang/String;[Ljava/lang/Object;I)Ljava/lang/Object;+58
j  com.mathworks.mde.desk.MLDesktop$8.run()V+14
j  com.mathworks.jmi.NativeMatlab.dispatchMTRequests(Z)V+57
v  ~StubRoutines::call_stub

---------------  P R O C E S S  ---------------

Java Threads: ( => current thread )
  0x00000000604fb000 JavaThread "Code Analyzer updating thread" [_thread_blocked, id=5064, stack(0x0000000029420000,0x00000000294a0000)]
  0x00000000604f5000 JavaThread "Timer-370" [_thread_blocked, id=384, stack(0x0000000029110000,0x0000000029190000)]
  0x00000000604f4000 JavaThread "pool-7-thread-1" [_thread_blocked, id=2272, stack(0x0000000025bd0000,0x0000000025c50000)]
  0x00000000604fd000 JavaThread "Prefs Updater" daemon [_thread_blocked, id=4140, stack(0x0000000028fd0000,0x0000000029050000)]
  0x00000000604f6800 JavaThread "Foxtrot Single Worker Thread #1" daemon [_thread_blocked, id=3840, stack(0x0000000028f20000,0x0000000028fa0000)]
  0x00000000604f7800 JavaThread "Active Reference Queue Daemon" daemon [_thread_blocked, id=4436, stack(0x00000000256b0000,0x0000000025730000)]
  0x00000000604f9800 JavaThread "Timer-40" daemon [_thread_blocked, id=4212, stack(0x0000000025730000,0x00000000257b0000)]
  0x00000000604fe000 JavaThread "Swing-Shell" daemon [_thread_blocked, id=1096, stack(0x0000000025cb0000,0x0000000025d30000)]
  0x00000000604fc800 JavaThread "Timer-8" daemon [_thread_blocked, id=2952, stack(0x0000000058fb0000,0x0000000059030000)]
  0x00000000604fa800 JavaThread "Explorer NavigationContext request queue" [_thread_blocked, id=4940, stack(0x0000000010f90000,0x0000000011010000)]
  0x00000000604f9000 JavaThread "AddressBar directory emptiness poller" [_thread_blocked, id=3692, stack(0x0000000044ac0000,0x0000000044b40000)]
  0x00000000604f8000 JavaThread "Explorer Refresh Service 1578338246" [_thread_blocked, id=3352, stack(0x0000000021290000,0x0000000021310000)]
  0x00000000604f6000 JavaThread "Timer-1" daemon [_thread_blocked, id=3368, stack(0x0000000010f00000,0x0000000010f80000)]
  0x00000000604f4800 JavaThread "TimerQueue" daemon [_thread_blocked, id=2556, stack(0x000000000d620000,0x000000000d6a0000)]
  0x00000000604f3000 JavaThread "Thread-5" daemon [_thread_blocked, id=1356, stack(0x000000000ed50000,0x000000000edd0000)]
  0x00000000604f2800 JavaThread "AWT-EventQueue-0" [_thread_blocked, id=1236, stack(0x000000000ea20000,0x000000000eaa0000)]
  0x00000000604f1800 JavaThread "AWT-Shutdown" [_thread_blocked, id=1656, stack(0x000000000d500000,0x000000000d580000)]
  0x00000000604f1000 JavaThread "FelixPackageAdmin" daemon [_thread_blocked, id=3040, stack(0x000000000ec40000,0x000000000ecc0000)]
  0x000000006067f000 JavaThread "FelixStartLevel" daemon [_thread_blocked, id=4156, stack(0x000000000d6a0000,0x000000000d720000)]
  0x000000006048e000 JavaThread "FelixDispatchQueue" daemon [_thread_blocked, id=1100, stack(0x000000000e4d0000,0x000000000e550000)]
  0x000000005f9ee000 JavaThread "com.google.common.base.internal.Finalizer" daemon [_thread_blocked, id=2788, stack(0x000000000f980000,0x000000000fa00000)]
  0x000000005f7c9800 JavaThread "AWT-Windows" daemon [_thread_in_native, id=2888, stack(0x000000000ede0000,0x000000000ee60000)]
  0x000000005f7c8000 JavaThread "Java2D Disposer" daemon [_thread_blocked, id=2548, stack(0x000000000ecc0000,0x000000000ed40000)]
  0x000000005f3cf000 JavaThread "Timer-0" [_thread_blocked, id=2160, stack(0x000000000eab0000,0x000000000eb30000)]
  0x000000005f2fd000 JavaThread "EventMgr Dispatcher" daemon [_thread_in_native, id=4348, stack(0x0000000009060000,0x000000000d060000)]
  0x000000000e264000 JavaThread "Low Memory Detector" daemon [_thread_blocked, id=4128, stack(0x000000000e560000,0x000000000e5e0000)]
  0x000000000e262800 JavaThread "CompilerThread1" daemon [_thread_blocked, id=2816, stack(0x00000000590c0000,0x000000005d0c0000)]
  0x000000000e20d800 JavaThread "CompilerThread0" daemon [_thread_blocked, id=276, stack(0x0000000054f60000,0x0000000058f60000)]
  0x000000000e20c800 JavaThread "Attach Listener" daemon [_thread_blocked, id=4416, stack(0x000000000e3c0000,0x000000000e440000)]
  0x000000000e1f8800 JavaThread "Finalizer" daemon [_thread_blocked, id=3080, stack(0x000000000e440000,0x000000000e4c0000)]
  0x000000000e1f2000 JavaThread "Reference Handler" daemon [_thread_blocked, id=2968, stack(0x000000000d2c0000,0x000000000d340000)]
=>0x0000000005b5f000 JavaThread "main" [_thread_in_native, id=4716, stack(0x00000000001e0000,0x00000000041e0000)]

Other Threads:
  0x0000000005c5d000 VMThread [stack: 0x0000000050dc0000,0x0000000054dc0000] [id=4372]
  0x000000000e290000 WatcherThread [stack: 0x00000000643e0000,0x00000000683e0000] [id=5068]

VM state:not at safepoint (normal execution)

VM Mutex/Monitor currently owned by a thread: None

Heap
 PSYoungGen      total 16960K, used 13091K [0x000000003d810000, 0x000000003ec40000, 0x0000000040910000)
  eden space 14016K, 91% used [0x000000003d810000,0x000000003e498d88,0x000000003e5c0000)
  from space 2944K, 8% used [0x000000003e960000,0x000000003e9a0000,0x000000003ec40000)
  to   space 3328K, 0% used [0x000000003e5c0000,0x000000003e5c0000,0x000000003e900000)
 PSOldGen        total 70656K, used 65692K [0x0000000034510000, 0x0000000038a10000, 0x000000003d810000)
  object space 70656K, 92% used [0x0000000034510000,0x00000000385373c0,0x0000000038a10000)
 PSPermGen       total 117824K, used 72873K [0x000000002c510000, 0x0000000033820000, 0x0000000034510000)
  object space 117824K, 61% used [0x000000002c510000,0x0000000030c3a580,0x0000000033820000)

Dynamic libraries:
0x000000013f660000 - 0x000000013f68d000 	D:\Program Files\MATLAB\R2012b\bin\win64\MATLAB.exe
0x0000000077190000 - 0x000000007733a000 	C:\Windows\SYSTEM32\ntdll.dll
0x0000000077070000 - 0x000000007718f000 	C:\Windows\system32\kernel32.dll
0x000007fefd1c0000 - 0x000007fefd22b000 	C:\Windows\system32\KERNELBASE.dll
0x0000000074460000 - 0x000000007451f000 	D:\Program Files\MATLAB\R2012b\bin\win64\libut.dll
0x00000000758a0000 - 0x000000007595c000 	D:\Program Files\MATLAB\R2012b\bin\win64\libmwi18n.dll
0x0000000180000000 - 0x000000018000b000 	D:\Program Files\MATLAB\R2012b\bin\win64\libmwresource_core.dll
0x0000000064280000 - 0x0000000064353000 	C:\Windows\WinSxS\amd64_microsoft.vc90.crt_1fc8b3b9a1e18e3b_9.0.30729.6161_none_08e61857a83bc251\MSVCP90.dll
0x0000000071b80000 - 0x0000000071c23000 	C:\Windows\WinSxS\amd64_microsoft.vc90.crt_1fc8b3b9a1e18e3b_9.0.30729.6161_none_08e61857a83bc251\MSVCR90.dll
0x000000007a170000 - 0x000000007a19c000 	D:\Program Files\MATLAB\R2012b\bin\win64\boost_filesystem-vc90-mt-1_44.dll
0x000000007a560000 - 0x000000007a569000 	D:\Program Files\MATLAB\R2012b\bin\win64\boost_system-vc90-mt-1_44.dll
0x000007fefe270000 - 0x000007fefe34b000 	C:\Windows\system32\ADVAPI32.dll
0x000007fefe380000 - 0x000007fefe41f000 	C:\Windows\system32\msvcrt.dll
0x000007fefd680000 - 0x000007fefd69f000 	C:\Windows\SYSTEM32\sechost.dll
0x000007fefdfb0000 - 0x000007fefe0dd000 	C:\Windows\system32\RPCRT4.dll
0x000000007a010000 - 0x000000007a035000 	D:\Program Files\MATLAB\R2012b\bin\win64\LIBEXPAT.dll
0x000000005ee10000 - 0x000000005f001000 	D:\Program Files\MATLAB\R2012b\bin\win64\icuin44.dll
0x0000000064100000 - 0x0000000064271000 	D:\Program Files\MATLAB\R2012b\bin\win64\icuuc44.dll
0x0000000010000000 - 0x0000000010e41000 	D:\Program Files\MATLAB\R2012b\bin\win64\icudt44.dll
0x0000000073f70000 - 0x000000007411d000 	D:\Program Files\MATLAB\R2012b\bin\win64\libmwfl.dll
0x0000000004400000 - 0x00000000047b6000 	D:\Program Files\MATLAB\R2012b\bin\win64\libmwMATLAB_res.dll
0x000000007a3b0000 - 0x000000007a3c0000 	D:\Program Files\MATLAB\R2012b\bin\win64\boost_date_time-vc90-mt-1_44.dll
0x000000007a250000 - 0x000000007a263000 	D:\Program Files\MATLAB\R2012b\bin\win64\boost_signals-vc90-mt-1_44.dll
0x000000007a2d0000 - 0x000000007a2e2000 	D:\Program Files\MATLAB\R2012b\bin\win64\boost_thread-vc90-mt-1_44.dll
0x00000000041e0000 - 0x000000000429d000 	D:\Program Files\MATLAB\R2012b\bin\win64\boost_log-vc90-mt-1_44.dll
0x0000000077350000 - 0x0000000077357000 	C:\Windows\system32\PSAPI.DLL
0x000007fefd4a0000 - 0x000007fefd4ed000 	C:\Windows\system32\WS2_32.dll
0x000007fefe350000 - 0x000007fefe358000 	C:\Windows\system32\NSI.dll
0x00000000042a0000 - 0x00000000042e6000 	D:\Program Files\MATLAB\R2012b\bin\win64\tbb.dll
0x000007fefe360000 - 0x000007fefe379000 	C:\Windows\system32\imagehlp.dll
0x00000000640e0000 - 0x00000000640f3000 	D:\Program Files\MATLAB\R2012b\bin\win64\icuio44.dll
0x000007fef4a30000 - 0x000007fef4b55000 	C:\Windows\system32\dbghelp.dll
0x0000000076f70000 - 0x000000007706a000 	C:\Windows\system32\USER32.dll
0x000007fefe420000 - 0x000007fefe487000 	C:\Windows\system32\GDI32.dll
0x000007fefdf00000 - 0x000007fefdf0e000 	C:\Windows\system32\LPK.dll
0x000007fefde30000 - 0x000007fefdefa000 	C:\Windows\system32\USP10.dll
0x00000000047c0000 - 0x0000000004a9c000 	D:\Program Files\MATLAB\R2012b\bin\win64\libmwservices.dll
0x0000000075a20000 - 0x0000000075af3000 	D:\Program Files\MATLAB\R2012b\bin\win64\libmx.dll
0x0000000004aa0000 - 0x0000000004ac9000 	D:\Program Files\MATLAB\R2012b\bin\win64\tbbmalloc.dll
0x000000007a210000 - 0x000000007a228000 	D:\Program Files\MATLAB\R2012b\bin\win64\zlib1.dll
0x0000000004ae0000 - 0x0000000004b2d000 	D:\Program Files\MATLAB\R2012b\bin\win64\libmwregexp.dll
0x0000000004b40000 - 0x0000000004b63000 	D:\Program Files\MATLAB\R2012b\bin\win64\libmwmfl_scalar.dll
0x0000000075f10000 - 0x0000000075f60000 	D:\Program Files\MATLAB\R2012b\bin\win64\mpath.dll
0x000000007b680000 - 0x000000007bc9a000 	D:\Program Files\MATLAB\R2012b\bin\win64\mlutil.dll
0x00000000754d0000 - 0x0000000075551000 	D:\Program Files\MATLAB\R2012b\bin\win64\xmlcore.dll
0x0000000004bb0000 - 0x0000000004e03000 	D:\Program Files\MATLAB\R2012b\bin\win64\xerces-c_2_7.dll
0x0000000004e20000 - 0x0000000004e40000 	D:\Program Files\MATLAB\R2012b\bin\win64\libmwMATLAB_settings_res.dll
0x0000000004e50000 - 0x0000000004e60000 	D:\Program Files\MATLAB\R2012b\bin\win64\boost_iostreams-vc90-mt-1_44.dll
0x0000000004e70000 - 0x0000000004eb7000 	D:\Program Files\MATLAB\R2012b\bin\win64\boost_serialization-vc90-mt-1_44.dll
0x000007fefe530000 - 0x000007feff2b9000 	C:\Windows\system32\SHELL32.dll
0x000007fefd4f0000 - 0x000007fefd561000 	C:\Windows\system32\SHLWAPI.dll
0x000007fef9ab0000 - 0x000007fef9b50000 	C:\Windows\WinSxS\amd64_microsoft.windows.common-controls_6595b64144ccf1df_5.82.7601.18837_none_a4d981ff711297b6\COMCTL32.dll
0x000007fefe490000 - 0x000007fefe527000 	C:\Windows\system32\COMDLG32.dll
0x000007fefb170000 - 0x000007fefb186000 	C:\Windows\system32\NETAPI32.dll
0x000007fefb160000 - 0x000007fefb16c000 	C:\Windows\system32\netutils.dll
0x000007fefcac0000 - 0x000007fefcae3000 	C:\Windows\system32\srvcli.dll
0x000007fefb0c0000 - 0x000007fefb0d5000 	C:\Windows\system32\wkscli.dll
0x000007fefd900000 - 0x000007fefdb03000 	C:\Windows\system32\ole32.dll
0x000007fefd5a0000 - 0x000007fefd678000 	C:\Windows\system32\OLEAUT32.dll
0x0000000074970000 - 0x0000000074a31000 	D:\Program Files\MATLAB\R2012b\bin\win64\mcr.dll
0x0000000075000000 - 0x00000000753e9000 	D:\Program Files\MATLAB\R2012b\bin\win64\iqm.dll
0x0000000074e80000 - 0x0000000074f38000 	D:\Program Files\MATLAB\R2012b\bin\win64\m_dispatcher.dll
0x0000000074880000 - 0x000000007496d000 	D:\Program Files\MATLAB\R2012b\bin\win64\boost_regex-vc90-mt-1_44.dll
0x000007feef990000 - 0x000007fef0201000 	D:\Program Files\MATLAB\R2012b\bin\win64\m_interpreter.dll
0x00000000640b0000 - 0x00000000640d7000 	D:\Program Files\MATLAB\R2012b\bin\win64\libmex.dll
0x0000000063260000 - 0x00000000632e4000 	D:\Program Files\MATLAB\R2012b\bin\win64\profiler.dll
0x0000000004f40000 - 0x00000000051aa000 	D:\Program Files\MATLAB\R2012b\bin\win64\libmwmathutil.dll
0x0000000079f40000 - 0x0000000079f6e000 	D:\Program Files\MATLAB\R2012b\bin\win64\libmwmathrng.dll
0x00000000051d0000 - 0x00000000051e2000 	D:\Program Files\MATLAB\R2012b\bin\win64\libmwmfl_rng.dll
0x0000000074c10000 - 0x0000000074cee000 	D:\Program Files\MATLAB\R2012b\bin\win64\libmwmathcore.dll
0x0000000076160000 - 0x00000000761ca000 	D:\Program Files\MATLAB\R2012b\bin\win64\libmwspmatrix.dll
0x0000000075ea0000 - 0x0000000075f02000 	D:\Program Files\MATLAB\R2012b\bin\win64\libmwcholmod.dll
0x000000007a460000 - 0x000000007a46d000 	D:\Program Files\MATLAB\R2012b\bin\win64\libmwamd.dll
0x000000007a4b0000 - 0x000000007a4bc000 	D:\Program Files\MATLAB\R2012b\bin\win64\libmwcolamd.dll
0x000000007a290000 - 0x000000007a2a9000 	D:\Program Files\MATLAB\R2012b\bin\win64\libmwblas.dll
0x000000007a310000 - 0x000000007a321000 	D:\Program Files\MATLAB\R2012b\bin\win64\libmwbinder.dll
0x000000007a4d0000 - 0x000000007a4dc000 	D:\Program Files\MATLAB\R2012b\bin\win64\libmwompwrapper.dll
0x0000000005280000 - 0x0000000005305000 	D:\Program Files\MATLAB\R2012b\bin\win64\libmwlapack.dll
0x0000000063230000 - 0x0000000063251000 	D:\Program Files\MATLAB\R2012b\bin\win64\m_pcodeio.dll
0x0000000079b10000 - 0x0000000079b77000 	D:\Program Files\MATLAB\R2012b\bin\win64\m_ir.dll
0x000000005e7a0000 - 0x000000005ee10000 	D:\Program Files\MATLAB\R2012b\bin\win64\m_parser.dll
0x0000000063210000 - 0x000000006322a000 	D:\Program Files\MATLAB\R2012b\bin\win64\ir_xfmr.dll
0x000007fef07f0000 - 0x000007fef0a86000 	D:\Program Files\MATLAB\R2012b\bin\win64\mcos.dll
0x00000000631f0000 - 0x0000000063201000 	D:\Program Files\MATLAB\R2012b\bin\win64\mtok.dll
0x000000005f1d0000 - 0x000000005f201000 	D:\Program Files\MATLAB\R2012b\bin\win64\m_pcodegen.dll
0x0000000079fb0000 - 0x0000000079fe6000 	D:\Program Files\MATLAB\R2012b\bin\win64\libmwbridge.dll
0x000000005f100000 - 0x000000005f1c8000 	D:\Program Files\MATLAB\R2012b\bin\win64\udd.dll
0x000000005e640000 - 0x000000005e792000 	D:\Program Files\MATLAB\R2012b\bin\win64\libmwgui.dll
0x000000005f0e0000 - 0x000000005f0f7000 	D:\Program Files\MATLAB\R2012b\bin\win64\graphics_util.dll
0x000000005dbe0000 - 0x000000005e63f000 	D:\Program Files\MATLAB\R2012b\bin\win64\hg.dll
0x00000000053e0000 - 0x0000000005448000 	D:\Program Files\MATLAB\R2012b\bin\win64\libmat.dll
0x0000000072d30000 - 0x0000000072f44000 	D:\Program Files\MATLAB\R2012b\bin\win64\hdf5dll.dll
0x0000000075710000 - 0x00000000757de000 	D:\Program Files\MATLAB\R2012b\bin\win64\jmi.dll
0x0000000005480000 - 0x000000000548d000 	D:\Program Files\MATLAB\R2012b\bin\win64\nativejava_services.dll
0x000000005f090000 - 0x000000005f0d6000 	D:\Program Files\MATLAB\R2012b\bin\win64\libmwhardcopy.dll
0x000000005f020000 - 0x000000005f083000 	D:\Program Files\MATLAB\R2012b\bin\win64\libuij.dll
0x000000005d970000 - 0x000000005dbd4000 	D:\Program Files\MATLAB\R2012b\bin\win64\hgdatatypes.dll
0x000000005d850000 - 0x000000005d96f000 	D:\Program Files\MATLAB\R2012b\bin\win64\hgutils.dll
0x000000005d790000 - 0x000000005d850000 	D:\Program Files\MATLAB\R2012b\bin\win64\udd_mi.dll
0x00000000054f0000 - 0x000000000552b000 	D:\Program Files\MATLAB\R2012b\bin\win64\libmwgbtutils.dll
0x0000000005540000 - 0x000000000555b000 	D:\Program Files\MATLAB\R2012b\bin\win64\libmwgbt.dll
0x0000000005570000 - 0x0000000005841000 	D:\Program Files\MATLAB\R2012b\bin\win64\uiw.dll
0x000000005f010000 - 0x000000005f01f000 	D:\Program Files\MATLAB\R2012b\bin\win64\uinone.dll
0x0000000005870000 - 0x0000000005899000 	D:\Program Files\MATLAB\R2012b\bin\win64\libmwnativefiledialogs.dll
0x00000000058b0000 - 0x00000000058b8000 	D:\Program Files\MATLAB\R2012b\bin\win64\libmwplatform_res.dll
0x000007fef8440000 - 0x000007fef8458000 	C:\Windows\system32\MPR.dll
0x000000005d2a0000 - 0x000000005d784000 	C:\Windows\WinSxS\amd64_microsoft.vc90.mfc_1fc8b3b9a1e18e3b_9.0.30729.6161_none_044aad0bab1eb146\mfc90.dll
0x000007fef9fc0000 - 0x000007fef9fc7000 	C:\Windows\system32\MSIMG32.dll
0x000007fef9800000 - 0x000007fef9871000 	C:\Windows\system32\WINSPOOL.DRV
0x000000005d270000 - 0x000000005d292000 	D:\Program Files\MATLAB\R2012b\bin\win64\mwoles05.DLL
0x000000005d1f0000 - 0x000000005d26d000 	D:\Program Files\MATLAB\R2012b\bin\win64\comcli.dll
0x000000005d1c0000 - 0x000000005d1ef000 	C:\Windows\WinSxS\amd64_microsoft.vc90.atl_1fc8b3b9a1e18e3b_9.0.30729.6161_none_0a1fd3a3a768b895\ATL90.DLL
0x000000005d1b0000 - 0x000000005d1bc000 	D:\Program Files\MATLAB\R2012b\bin\win64\mlautoregister.dll
0x000007fefd570000 - 0x000007fefd59e000 	C:\Windows\system32\IMM32.DLL
0x000007fefe0e0000 - 0x000007fefe1e9000 	C:\Windows\system32\MSCTF.dll
0x000007fefd050000 - 0x000007fefd081000 	C:\Windows\system32\nvinitx.dll
0x000000000f000000 - 0x000000000f006000 	C:\Program Files\NVIDIA Corporation\CoProcManager\detoured.dll
0x000007fef9ec0000 - 0x000007fef9ef2000 	C:\Program Files\NVIDIA Corporation\CoProcManager\nvd3d9wrapx.dll
0x000007feff2c0000 - 0x000007feff497000 	C:\Windows\system32\SETUPAPI.dll
0x000007fefd140000 - 0x000007fefd176000 	C:\Windows\system32\CFGMGR32.dll
0x000007fefd480000 - 0x000007fefd49a000 	C:\Windows\system32\DEVOBJ.dll
0x000007fef9e90000 - 0x000007fef9eb2000 	C:\Program Files\NVIDIA Corporation\CoProcManager\nvdxgiwrapx.dll
0x000007fefb5e0000 - 0x000007fefb636000 	C:\Windows\system32\UxTheme.dll
0x000007fefaea0000 - 0x000007fefaeb8000 	C:\Windows\system32\dwmapi.dll
0x000000005d1a0000 - 0x000000005d1a9000 	C:\Windows\WinSxS\amd64_microsoft.vc90.mfcloc_1fc8b3b9a1e18e3b_9.0.30729.6161_none_01c9581e60cbee58\MFC90CHS.DLL
0x0000000078870000 - 0x0000000078ecd000 	D:\Program Files\MATLAB\R2012b\sys\java\jre\win64\jre\bin\server\jvm.dll
0x000007fefaf00000 - 0x000007fefaf3b000 	C:\Windows\system32\WINMM.dll
0x000007fefd090000 - 0x000007fefd09f000 	C:\Windows\system32\profapi.dll

VM Arguments:
jvm_args: -Xss512k -XX:PermSize=32m -Xms64m -XX:NewRatio=3 -XX:MaxPermSize=128m -Xmx196m -XX:MaxDirectMemorySize=2147400000 -Dsun.java2d.noddraw=true -Dsun.awt.nopixfmt=true -Xshare:off -Xrs -Dsun.awt.disableMixing=true -Djava.library.path=D:\Program Files\MATLAB\R2012b\bin\win64;D:\Program Files\MATLAB\R2012b\sys\jxbrowser\win64\lib vfprintf abort -Duser.language=en -Duser.country=US 
java_command: <unknown>
Launcher Type: generic

Environment Variables:
PATH=C:\Windows\system32;C:\Windows;C:\Windows\System32\Wbem;C:\Windows\System32\WindowsPowerShell\v1.0\;D:\CTEX\UserData\miktex\bin;D:\CTEX\MiKTeX\miktex\bin;D:\CTEX\CTeX\ctex\bin;D:\CTEX\CTeX\cct\bin;D:\CTEX\CTeX\ty\bin;D:\CTEX\Ghostscript\gs9.05\bin;D:\CTEX\GSview\gsview;D:\CTEX\WinEdt;D:\Program Files\MATLAB\R2012b\runtime\win64;D:\Program Files\MATLAB\R2012b\bin;C:\Program Files (x86)\Microsoft SQL Server\100\Tools\Binn\;C:\Program Files\Microsoft SQL Server\100\Tools\Binn\;C:\Program Files\Microsoft SQL Server\100\DTS\Binn\;D:\MinGW\bin;D:\msys\1.0\bin;D:\Program Files\OpenCV\opencv\build\x86\vc10\bin;D:\Program Files\OpenCV\opencv\build\x64\vc10\bin;
USERNAME=Administrator
OS=Windows_NT
PROCESSOR_IDENTIFIER=Intel64 Family 6 Model 42 Stepping 7, GenuineIntel



---------------  S Y S T E M  ---------------

OS: Windows 7 Build 7601 Service Pack 1

CPU:total 4 (8 cores per cpu, 2 threads per core) family 6 model 42 stepping 7, cmov, cx8, fxsr, mmx, sse, sse2, sse3, ssse3, sse4.1, sse4.2, ht

Memory: 4k page, physical 8331120k(5030352k free), swap 16660404k(13162068k free)

vm_info: Java HotSpot(TM) 64-Bit Server VM (14.3-b01) for windows-amd64 JRE (1.6.0_17-b04), built on Oct 11 2009 00:46:08 by "java_re" with MS VC++ 8.0

time: Sat Mar 04 09:42:46 2017
elapsed time: 4219 seconds

